2012-12-17 10:59:25 SELECT * FROM axis_news_content_banner_type WHERE type ='header' AND n_status=1 LIMIT 1 
2012-12-17 10:59:25 SELECT * FROM axis_news_content_page WHERE pagename = 'home' AND n_status = 1 LIMIT 1
2012-12-17 10:59:25 SELECT * FROM axis_news_content_banner WHERE page LIKE '%6%' AND type IN (1) AND n_status IN (1) 
2012-12-17 10:59:25 SELECT * FROM axis_news_content_banner_type WHERE type ='footer' AND n_status=1 LIMIT 1 
2012-12-17 10:59:25 SELECT * FROM axis_news_content_page WHERE pagename = 'home' AND n_status = 1 LIMIT 1
2012-12-17 10:59:25 SELECT * FROM axis_news_content_banner WHERE page LIKE '%6%' AND type IN (2,1) AND n_status IN (1) 
2012-12-17 10:59:25 	
		SELECT anc.id,anc.content,anc.brief,anc.title,anc.image,anc.posted_date ,anc.categoryid ,anc.parentid,ancc.category
		FROM axis_news_content anc
		LEFT JOIN axis_news_content_type anct ON anct.id = anc.articleType
		LEFT JOIN axis_news_content_category ancc ON ancc.id = anc.categoryid
		WHERE anc.articleType IN (2)   AND
		anc.n_status IN (1) AND anc.lid = 1 	
		 ORDER BY anc.posted_date DESC LIMIT 4
		
2012-12-17 10:59:25 	
		SELECT anc.id,anc.content,anc.brief,anc.title,anc.image,anc.posted_date ,anc.categoryid ,anc.parentid,ancc.category,anc.thumbnail_image,anc.url
		FROM axis_news_content anc
		LEFT JOIN axis_news_content_type anct ON anct.id = anc.articleType
		LEFT JOIN axis_news_content_category ancc ON ancc.id = anc.categoryid
		WHERE anc.articleType IN (2)  AND
		anc.n_status IN (1) AND anc.lid = 1 	
		ORDER BY anc.posted_date DESC LIMIT 4
		
2012-12-17 11:07:04 SELECT * FROM axis_news_content_banner_type WHERE type ='header' AND n_status=1 LIMIT 1 
2012-12-17 11:07:04 SELECT * FROM axis_news_content_page WHERE pagename = 'home' AND n_status = 1 LIMIT 1
2012-12-17 11:07:04 SELECT * FROM axis_news_content_banner WHERE page LIKE '%6%' AND type IN (1) AND n_status IN (1) 
2012-12-17 11:07:04 SELECT * FROM axis_news_content_banner_type WHERE type ='footer' AND n_status=1 LIMIT 1 
2012-12-17 11:07:04 SELECT * FROM axis_news_content_page WHERE pagename = 'home' AND n_status = 1 LIMIT 1
2012-12-17 11:07:04 SELECT * FROM axis_news_content_banner WHERE page LIKE '%6%' AND type IN (2,1) AND n_status IN (1) 
2012-12-17 11:07:04 	
		SELECT anc.id,anc.content,anc.brief,anc.title,anc.image,anc.posted_date ,anc.categoryid ,anc.parentid,ancc.category
		FROM axis_news_content anc
		LEFT JOIN axis_news_content_type anct ON anct.id = anc.articleType
		LEFT JOIN axis_news_content_category ancc ON ancc.id = anc.categoryid
		WHERE anc.articleType IN (2)   AND
		anc.n_status IN (1) AND anc.lid = 1 	
		 ORDER BY anc.posted_date DESC LIMIT 4
		
2012-12-17 11:07:04 	
		SELECT anc.id,anc.content,anc.brief,anc.title,anc.image,anc.posted_date ,anc.categoryid ,anc.parentid,ancc.category,anc.thumbnail_image,anc.url
		FROM axis_news_content anc
		LEFT JOIN axis_news_content_type anct ON anct.id = anc.articleType
		LEFT JOIN axis_news_content_category ancc ON ancc.id = anc.categoryid
		WHERE anc.articleType IN (2)  AND
		anc.n_status IN (1) AND anc.lid = 1 	
		ORDER BY anc.posted_date DESC LIMIT 4
		
2012-12-17 11:18:16 SELECT * FROM axis_news_content_banner_type WHERE type ='header' AND n_status=1 LIMIT 1 
2012-12-17 11:18:16 SELECT * FROM axis_news_content_page WHERE pagename = 'home' AND n_status = 1 LIMIT 1
2012-12-17 11:18:16 SELECT * FROM axis_news_content_banner WHERE page LIKE '%6%' AND type IN (1) AND n_status IN (1) 
2012-12-17 11:18:16 SELECT * FROM axis_news_content_banner_type WHERE type ='footer' AND n_status=1 LIMIT 1 
2012-12-17 11:18:16 SELECT * FROM axis_news_content_page WHERE pagename = 'home' AND n_status = 1 LIMIT 1
2012-12-17 11:18:16 SELECT * FROM axis_news_content_banner WHERE page LIKE '%6%' AND type IN (2,1) AND n_status IN (1) 
2012-12-17 11:18:16 	
		SELECT anc.id,anc.content,anc.brief,anc.title,anc.image,anc.posted_date ,anc.categoryid ,anc.parentid,ancc.category
		FROM axis_news_content anc
		LEFT JOIN axis_news_content_type anct ON anct.id = anc.articleType
		LEFT JOIN axis_news_content_category ancc ON ancc.id = anc.categoryid
		WHERE anc.articleType IN (2)   AND
		anc.n_status IN (1) AND anc.lid = 1 	
		 ORDER BY anc.posted_date DESC LIMIT 4
		
2012-12-17 11:18:16 	
		SELECT anc.id,anc.content,anc.brief,anc.title,anc.image,anc.posted_date ,anc.categoryid ,anc.parentid,ancc.category,anc.thumbnail_image,anc.url
		FROM axis_news_content anc
		LEFT JOIN axis_news_content_type anct ON anct.id = anc.articleType
		LEFT JOIN axis_news_content_category ancc ON ancc.id = anc.categoryid
		WHERE anc.articleType IN (2)  AND
		anc.n_status IN (1) AND anc.lid = 1 	
		ORDER BY anc.posted_date DESC LIMIT 4
		
2012-12-17 11:18:17 SELECT * FROM axis_news_content_banner_type WHERE type ='header' AND n_status=1 LIMIT 1 
2012-12-17 11:18:18 SELECT * FROM axis_news_content_page WHERE pagename = 'home' AND n_status = 1 LIMIT 1
2012-12-17 11:18:18 SELECT * FROM axis_news_content_banner WHERE page LIKE '%6%' AND type IN (1) AND n_status IN (1) 
2012-12-17 11:18:18 SELECT * FROM axis_news_content_banner_type WHERE type ='footer' AND n_status=1 LIMIT 1 
2012-12-17 11:18:18 SELECT * FROM axis_news_content_page WHERE pagename = 'home' AND n_status = 1 LIMIT 1
2012-12-17 11:18:18 SELECT * FROM axis_news_content_banner WHERE page LIKE '%6%' AND type IN (2,1) AND n_status IN (1) 
2012-12-17 11:18:18 	
		SELECT anc.id,anc.content,anc.brief,anc.title,anc.image,anc.posted_date ,anc.categoryid ,anc.parentid,ancc.category
		FROM axis_news_content anc
		LEFT JOIN axis_news_content_type anct ON anct.id = anc.articleType
		LEFT JOIN axis_news_content_category ancc ON ancc.id = anc.categoryid
		WHERE anc.articleType IN (2)   AND
		anc.n_status IN (1) AND anc.lid = 1 	
		 ORDER BY anc.posted_date DESC LIMIT 4
		
2012-12-17 11:18:18 	
		SELECT anc.id,anc.content,anc.brief,anc.title,anc.image,anc.posted_date ,anc.categoryid ,anc.parentid,ancc.category,anc.thumbnail_image,anc.url
		FROM axis_news_content anc
		LEFT JOIN axis_news_content_type anct ON anct.id = anc.articleType
		LEFT JOIN axis_news_content_category ancc ON ancc.id = anc.categoryid
		WHERE anc.articleType IN (2)  AND
		anc.n_status IN (1) AND anc.lid = 1 	
		ORDER BY anc.posted_date DESC LIMIT 4
		
2012-12-17 11:18:18 SELECT * FROM axis_news_content_banner_type WHERE type ='header' AND n_status=1 LIMIT 1 
2012-12-17 11:18:18 SELECT * FROM axis_news_content_page WHERE pagename = 'home' AND n_status = 1 LIMIT 1
2012-12-17 11:18:18 SELECT * FROM axis_news_content_banner WHERE page LIKE '%6%' AND type IN (1) AND n_status IN (1) 
2012-12-17 11:18:19 SELECT * FROM axis_news_content_banner_type WHERE type ='footer' AND n_status=1 LIMIT 1 
2012-12-17 11:18:19 SELECT * FROM axis_news_content_page WHERE pagename = 'home' AND n_status = 1 LIMIT 1
2012-12-17 11:18:19 SELECT * FROM axis_news_content_banner WHERE page LIKE '%6%' AND type IN (2,1) AND n_status IN (1) 
2012-12-17 11:18:19 	
		SELECT anc.id,anc.content,anc.brief,anc.title,anc.image,anc.posted_date ,anc.categoryid ,anc.parentid,ancc.category
		FROM axis_news_content anc
		LEFT JOIN axis_news_content_type anct ON anct.id = anc.articleType
		LEFT JOIN axis_news_content_category ancc ON ancc.id = anc.categoryid
		WHERE anc.articleType IN (2)   AND
		anc.n_status IN (1) AND anc.lid = 1 	
		 ORDER BY anc.posted_date DESC LIMIT 4
		
2012-12-17 11:18:19 	
		SELECT anc.id,anc.content,anc.brief,anc.title,anc.image,anc.posted_date ,anc.categoryid ,anc.parentid,ancc.category,anc.thumbnail_image,anc.url
		FROM axis_news_content anc
		LEFT JOIN axis_news_content_type anct ON anct.id = anc.articleType
		LEFT JOIN axis_news_content_category ancc ON ancc.id = anc.categoryid
		WHERE anc.articleType IN (2)  AND
		anc.n_status IN (1) AND anc.lid = 1 	
		ORDER BY anc.posted_date DESC LIMIT 4
		
2012-12-17 12:35:32 SELECT * FROM axis_news_content_banner_type WHERE type ='header' AND n_status=1 LIMIT 1 
2012-12-17 12:35:33 SELECT * FROM axis_news_content_page WHERE pagename = 'home' AND n_status = 1 LIMIT 1
2012-12-17 12:35:33 SELECT * FROM axis_news_content_banner WHERE page LIKE '%6%' AND type IN (1) AND n_status IN (1) 
2012-12-17 12:35:33 SELECT * FROM axis_news_content_banner_type WHERE type ='footer' AND n_status=1 LIMIT 1 
2012-12-17 12:35:33 SELECT * FROM axis_news_content_page WHERE pagename = 'home' AND n_status = 1 LIMIT 1
2012-12-17 12:35:33 SELECT * FROM axis_news_content_banner WHERE page LIKE '%6%' AND type IN (2,1) AND n_status IN (1) 
2012-12-17 12:35:33 	
		SELECT anc.id,anc.content,anc.brief,anc.title,anc.image,anc.posted_date ,anc.categoryid ,anc.parentid,ancc.category
		FROM axis_news_content anc
		LEFT JOIN axis_news_content_type anct ON anct.id = anc.articleType
		LEFT JOIN axis_news_content_category ancc ON ancc.id = anc.categoryid
		WHERE anc.articleType IN (2)   AND
		anc.n_status IN (1) AND anc.lid = 1 	
		 ORDER BY anc.posted_date DESC LIMIT 4
		
2012-12-17 12:35:33 	
		SELECT anc.id,anc.content,anc.brief,anc.title,anc.image,anc.posted_date ,anc.categoryid ,anc.parentid,ancc.category,anc.thumbnail_image,anc.url
		FROM axis_news_content anc
		LEFT JOIN axis_news_content_type anct ON anct.id = anc.articleType
		LEFT JOIN axis_news_content_category ancc ON ancc.id = anc.categoryid
		WHERE anc.articleType IN (2)  AND
		anc.n_status IN (1) AND anc.lid = 1 	
		ORDER BY anc.posted_date DESC LIMIT 4
		
2012-12-17 12:36:16 SELECT * FROM axis_news_content_banner_type WHERE type ='header' AND n_status=1 LIMIT 1 
2012-12-17 12:36:16 SELECT * FROM axis_news_content_page WHERE pagename = 'home' AND n_status = 1 LIMIT 1
2012-12-17 12:36:16 SELECT * FROM axis_news_content_banner WHERE page LIKE '%6%' AND type IN (1) AND n_status IN (1) 
2012-12-17 12:36:16 SELECT * FROM axis_news_content_banner_type WHERE type ='footer' AND n_status=1 LIMIT 1 
2012-12-17 12:36:16 SELECT * FROM axis_news_content_page WHERE pagename = 'home' AND n_status = 1 LIMIT 1
2012-12-17 12:36:16 SELECT * FROM axis_news_content_banner WHERE page LIKE '%6%' AND type IN (2,1) AND n_status IN (1) 
2012-12-17 12:36:16 	
		SELECT anc.id,anc.content,anc.brief,anc.title,anc.image,anc.posted_date ,anc.categoryid ,anc.parentid,ancc.category
		FROM axis_news_content anc
		LEFT JOIN axis_news_content_type anct ON anct.id = anc.articleType
		LEFT JOIN axis_news_content_category ancc ON ancc.id = anc.categoryid
		WHERE anc.articleType IN (2)   AND
		anc.n_status IN (1) AND anc.lid = 1 	
		 ORDER BY anc.posted_date DESC LIMIT 4
		
2012-12-17 12:36:16 	
		SELECT anc.id,anc.content,anc.brief,anc.title,anc.image,anc.posted_date ,anc.categoryid ,anc.parentid,ancc.category,anc.thumbnail_image,anc.url
		FROM axis_news_content anc
		LEFT JOIN axis_news_content_type anct ON anct.id = anc.articleType
		LEFT JOIN axis_news_content_category ancc ON ancc.id = anc.categoryid
		WHERE anc.articleType IN (2)  AND
		anc.n_status IN (1) AND anc.lid = 1 	
		ORDER BY anc.posted_date DESC LIMIT 4
		
2012-12-17 13:59:20 SELECT * FROM axis_news_content_banner_type WHERE type ='header' AND n_status=1 LIMIT 1 
2012-12-17 13:59:20 SELECT * FROM axis_news_content_page WHERE pagename = 'home' AND n_status = 1 LIMIT 1
2012-12-17 13:59:20 SELECT * FROM axis_news_content_banner WHERE page LIKE '%6%' AND type IN (1) AND n_status IN (1) 
2012-12-17 13:59:20 SELECT * FROM axis_news_content_banner_type WHERE type ='footer' AND n_status=1 LIMIT 1 
2012-12-17 13:59:20 SELECT * FROM axis_news_content_page WHERE pagename = 'home' AND n_status = 1 LIMIT 1
2012-12-17 13:59:20 SELECT * FROM axis_news_content_banner WHERE page LIKE '%6%' AND type IN (2,1) AND n_status IN (1) 
2012-12-17 13:59:20 	
		SELECT anc.id,anc.content,anc.brief,anc.title,anc.image,anc.posted_date ,anc.categoryid ,anc.parentid,ancc.category
		FROM axis_news_content anc
		LEFT JOIN axis_news_content_type anct ON anct.id = anc.articleType
		LEFT JOIN axis_news_content_category ancc ON ancc.id = anc.categoryid
		WHERE anc.articleType IN (2)   AND
		anc.n_status IN (1) AND anc.lid = 1 	
		 ORDER BY anc.posted_date DESC LIMIT 4
		
2012-12-17 13:59:20 	
		SELECT anc.id,anc.content,anc.brief,anc.title,anc.image,anc.posted_date ,anc.categoryid ,anc.parentid,ancc.category,anc.thumbnail_image,anc.url
		FROM axis_news_content anc
		LEFT JOIN axis_news_content_type anct ON anct.id = anc.articleType
		LEFT JOIN axis_news_content_category ancc ON ancc.id = anc.categoryid
		WHERE anc.articleType IN (2)  AND
		anc.n_status IN (1) AND anc.lid = 1 	
		ORDER BY anc.posted_date DESC LIMIT 4
		
2012-12-17 14:00:14 SELECT * FROM axis_news_content_banner_type WHERE type ='header' AND n_status=1 LIMIT 1 
2012-12-17 14:00:14 SELECT * FROM axis_news_content_page WHERE pagename = 'home' AND n_status = 1 LIMIT 1
2012-12-17 14:00:14 SELECT * FROM axis_news_content_banner WHERE page LIKE '%6%' AND type IN (1) AND n_status IN (1) 
2012-12-17 14:00:14 SELECT * FROM axis_news_content_banner_type WHERE type ='footer' AND n_status=1 LIMIT 1 
2012-12-17 14:00:14 SELECT * FROM axis_news_content_page WHERE pagename = 'home' AND n_status = 1 LIMIT 1
2012-12-17 14:00:14 SELECT * FROM axis_news_content_banner WHERE page LIKE '%6%' AND type IN (2,1) AND n_status IN (1) 
2012-12-17 14:00:14 	
		SELECT anc.id,anc.content,anc.brief,anc.title,anc.image,anc.posted_date ,anc.categoryid ,anc.parentid,ancc.category
		FROM axis_news_content anc
		LEFT JOIN axis_news_content_type anct ON anct.id = anc.articleType
		LEFT JOIN axis_news_content_category ancc ON ancc.id = anc.categoryid
		WHERE anc.articleType IN (2)   AND
		anc.n_status IN (1) AND anc.lid = 1 	
		 ORDER BY anc.posted_date DESC LIMIT 4
		
2012-12-17 14:00:14 	
		SELECT anc.id,anc.content,anc.brief,anc.title,anc.image,anc.posted_date ,anc.categoryid ,anc.parentid,ancc.category,anc.thumbnail_image,anc.url
		FROM axis_news_content anc
		LEFT JOIN axis_news_content_type anct ON anct.id = anc.articleType
		LEFT JOIN axis_news_content_category ancc ON ancc.id = anc.categoryid
		WHERE anc.articleType IN (2)  AND
		anc.n_status IN (1) AND anc.lid = 1 	
		ORDER BY anc.posted_date DESC LIMIT 4
		
2012-12-17 14:00:26 SELECT * FROM axis_news_content_banner_type WHERE type ='header' AND n_status=1 LIMIT 1 
2012-12-17 14:00:26 SELECT * FROM axis_news_content_page WHERE pagename = 'home' AND n_status = 1 LIMIT 1
2012-12-17 14:00:26 SELECT * FROM axis_news_content_banner WHERE page LIKE '%6%' AND type IN (1) AND n_status IN (1) 
2012-12-17 14:00:26 SELECT * FROM axis_news_content_banner_type WHERE type ='footer' AND n_status=1 LIMIT 1 
2012-12-17 14:00:26 SELECT * FROM axis_news_content_page WHERE pagename = 'home' AND n_status = 1 LIMIT 1
2012-12-17 14:00:26 SELECT * FROM axis_news_content_banner WHERE page LIKE '%6%' AND type IN (2,1) AND n_status IN (1) 
2012-12-17 14:00:26 	
		SELECT anc.id,anc.content,anc.brief,anc.title,anc.image,anc.posted_date ,anc.categoryid ,anc.parentid,ancc.category
		FROM axis_news_content anc
		LEFT JOIN axis_news_content_type anct ON anct.id = anc.articleType
		LEFT JOIN axis_news_content_category ancc ON ancc.id = anc.categoryid
		WHERE anc.articleType IN (2)   AND
		anc.n_status IN (1) AND anc.lid = 1 	
		 ORDER BY anc.posted_date DESC LIMIT 4
		
2012-12-17 14:00:26 	
		SELECT anc.id,anc.content,anc.brief,anc.title,anc.image,anc.posted_date ,anc.categoryid ,anc.parentid,ancc.category,anc.thumbnail_image,anc.url
		FROM axis_news_content anc
		LEFT JOIN axis_news_content_type anct ON anct.id = anc.articleType
		LEFT JOIN axis_news_content_category ancc ON ancc.id = anc.categoryid
		WHERE anc.articleType IN (2)  AND
		anc.n_status IN (1) AND anc.lid = 1 	
		ORDER BY anc.posted_date DESC LIMIT 4
		
2012-12-17 14:00:40 SELECT * FROM axis_news_content_banner_type WHERE type ='header' AND n_status=1 LIMIT 1 
2012-12-17 14:00:40 SELECT * FROM axis_news_content_page WHERE pagename = 'home' AND n_status = 1 LIMIT 1
2012-12-17 14:00:40 SELECT * FROM axis_news_content_banner WHERE page LIKE '%6%' AND type IN (1) AND n_status IN (1) 
2012-12-17 14:00:41 SELECT * FROM axis_news_content_banner_type WHERE type ='footer' AND n_status=1 LIMIT 1 
2012-12-17 14:00:41 SELECT * FROM axis_news_content_page WHERE pagename = 'home' AND n_status = 1 LIMIT 1
2012-12-17 14:00:41 SELECT * FROM axis_news_content_banner WHERE page LIKE '%6%' AND type IN (2,1) AND n_status IN (1) 
2012-12-17 14:00:41 	
		SELECT anc.id,anc.content,anc.brief,anc.title,anc.image,anc.posted_date ,anc.categoryid ,anc.parentid,ancc.category
		FROM axis_news_content anc
		LEFT JOIN axis_news_content_type anct ON anct.id = anc.articleType
		LEFT JOIN axis_news_content_category ancc ON ancc.id = anc.categoryid
		WHERE anc.articleType IN (2)   AND
		anc.n_status IN (1) AND anc.lid = 1 	
		 ORDER BY anc.posted_date DESC LIMIT 4
		
2012-12-17 14:00:41 	
		SELECT anc.id,anc.content,anc.brief,anc.title,anc.image,anc.posted_date ,anc.categoryid ,anc.parentid,ancc.category,anc.thumbnail_image,anc.url
		FROM axis_news_content anc
		LEFT JOIN axis_news_content_type anct ON anct.id = anc.articleType
		LEFT JOIN axis_news_content_category ancc ON ancc.id = anc.categoryid
		WHERE anc.articleType IN (2)  AND
		anc.n_status IN (1) AND anc.lid = 1 	
		ORDER BY anc.posted_date DESC LIMIT 4
		
2012-12-17 14:00:52 SELECT * FROM axis_news_content_banner_type WHERE type ='header' AND n_status=1 LIMIT 1 
2012-12-17 14:00:52 SELECT * FROM axis_news_content_page WHERE pagename = 'home' AND n_status = 1 LIMIT 1
2012-12-17 14:00:52 SELECT * FROM axis_news_content_banner WHERE page LIKE '%6%' AND type IN (1) AND n_status IN (1) 
2012-12-17 14:00:52 SELECT * FROM axis_news_content_banner_type WHERE type ='footer' AND n_status=1 LIMIT 1 
2012-12-17 14:00:52 SELECT * FROM axis_news_content_page WHERE pagename = 'home' AND n_status = 1 LIMIT 1
2012-12-17 14:00:52 SELECT * FROM axis_news_content_banner WHERE page LIKE '%6%' AND type IN (2,1) AND n_status IN (1) 
2012-12-17 14:00:52 	
		SELECT anc.id,anc.content,anc.brief,anc.title,anc.image,anc.posted_date ,anc.categoryid ,anc.parentid,ancc.category
		FROM axis_news_content anc
		LEFT JOIN axis_news_content_type anct ON anct.id = anc.articleType
		LEFT JOIN axis_news_content_category ancc ON ancc.id = anc.categoryid
		WHERE anc.articleType IN (2)   AND
		anc.n_status IN (1) AND anc.lid = 1 	
		 ORDER BY anc.posted_date DESC LIMIT 4
		
2012-12-17 14:00:52 	
		SELECT anc.id,anc.content,anc.brief,anc.title,anc.image,anc.posted_date ,anc.categoryid ,anc.parentid,ancc.category,anc.thumbnail_image,anc.url
		FROM axis_news_content anc
		LEFT JOIN axis_news_content_type anct ON anct.id = anc.articleType
		LEFT JOIN axis_news_content_category ancc ON ancc.id = anc.categoryid
		WHERE anc.articleType IN (2)  AND
		anc.n_status IN (1) AND anc.lid = 1 	
		ORDER BY anc.posted_date DESC LIMIT 4
		
2012-12-17 14:04:01 SELECT * FROM axis_news_content_banner_type WHERE type ='header' AND n_status=1 LIMIT 1 
2012-12-17 14:04:01 SELECT * FROM axis_news_content_page WHERE pagename = 'home' AND n_status = 1 LIMIT 1
2012-12-17 14:04:01 SELECT * FROM axis_news_content_banner WHERE page LIKE '%6%' AND type IN (1) AND n_status IN (1) 
2012-12-17 14:04:01 SELECT * FROM axis_news_content_banner_type WHERE type ='footer' AND n_status=1 LIMIT 1 
2012-12-17 14:04:01 SELECT * FROM axis_news_content_page WHERE pagename = 'home' AND n_status = 1 LIMIT 1
2012-12-17 14:04:01 SELECT * FROM axis_news_content_banner WHERE page LIKE '%6%' AND type IN (2,1) AND n_status IN (1) 
2012-12-17 14:04:01 	
		SELECT anc.id,anc.content,anc.brief,anc.title,anc.image,anc.posted_date ,anc.categoryid ,anc.parentid,ancc.category
		FROM axis_news_content anc
		LEFT JOIN axis_news_content_type anct ON anct.id = anc.articleType
		LEFT JOIN axis_news_content_category ancc ON ancc.id = anc.categoryid
		WHERE anc.articleType IN (2)   AND
		anc.n_status IN (1) AND anc.lid = 1 	
		 ORDER BY anc.posted_date DESC LIMIT 4
		
2012-12-17 14:04:01 	
		SELECT anc.id,anc.content,anc.brief,anc.title,anc.image,anc.posted_date ,anc.categoryid ,anc.parentid,ancc.category,anc.thumbnail_image,anc.url
		FROM axis_news_content anc
		LEFT JOIN axis_news_content_type anct ON anct.id = anc.articleType
		LEFT JOIN axis_news_content_category ancc ON ancc.id = anc.categoryid
		WHERE anc.articleType IN (2)  AND
		anc.n_status IN (1) AND anc.lid = 1 	
		ORDER BY anc.posted_date DESC LIMIT 4
		
2012-12-17 14:04:43 SELECT * FROM axis_news_content_banner_type WHERE type ='header' AND n_status=1 LIMIT 1 
2012-12-17 14:04:43 SELECT * FROM axis_news_content_page WHERE pagename = 'home' AND n_status = 1 LIMIT 1
2012-12-17 14:04:43 SELECT * FROM axis_news_content_banner WHERE page LIKE '%6%' AND type IN (1) AND n_status IN (1) 
2012-12-17 14:04:43 SELECT * FROM axis_news_content_banner_type WHERE type ='footer' AND n_status=1 LIMIT 1 
2012-12-17 14:04:43 SELECT * FROM axis_news_content_page WHERE pagename = 'home' AND n_status = 1 LIMIT 1
2012-12-17 14:04:43 SELECT * FROM axis_news_content_banner WHERE page LIKE '%6%' AND type IN (2,1) AND n_status IN (1) 
2012-12-17 14:04:43 	
		SELECT anc.id,anc.content,anc.brief,anc.title,anc.image,anc.posted_date ,anc.categoryid ,anc.parentid,ancc.category
		FROM axis_news_content anc
		LEFT JOIN axis_news_content_type anct ON anct.id = anc.articleType
		LEFT JOIN axis_news_content_category ancc ON ancc.id = anc.categoryid
		WHERE anc.articleType IN (2)   AND
		anc.n_status IN (1) AND anc.lid = 1 	
		 ORDER BY anc.posted_date DESC LIMIT 4
		
2012-12-17 14:04:43 	
		SELECT anc.id,anc.content,anc.brief,anc.title,anc.image,anc.posted_date ,anc.categoryid ,anc.parentid,ancc.category,anc.thumbnail_image,anc.url
		FROM axis_news_content anc
		LEFT JOIN axis_news_content_type anct ON anct.id = anc.articleType
		LEFT JOIN axis_news_content_category ancc ON ancc.id = anc.categoryid
		WHERE anc.articleType IN (2)  AND
		anc.n_status IN (1) AND anc.lid = 1 	
		ORDER BY anc.posted_date DESC LIMIT 4
		
2012-12-17 14:05:36 SELECT * FROM axis_news_content_banner_type WHERE type ='header' AND n_status=1 LIMIT 1 
2012-12-17 14:05:36 SELECT * FROM axis_news_content_page WHERE pagename = 'home' AND n_status = 1 LIMIT 1
2012-12-17 14:05:36 SELECT * FROM axis_news_content_banner WHERE page LIKE '%6%' AND type IN (1) AND n_status IN (1) 
2012-12-17 14:05:36 SELECT * FROM axis_news_content_banner_type WHERE type ='footer' AND n_status=1 LIMIT 1 
2012-12-17 14:05:36 SELECT * FROM axis_news_content_page WHERE pagename = 'home' AND n_status = 1 LIMIT 1
2012-12-17 14:05:36 SELECT * FROM axis_news_content_banner WHERE page LIKE '%6%' AND type IN (2,1) AND n_status IN (1) 
2012-12-17 14:05:36 	
		SELECT anc.id,anc.content,anc.brief,anc.title,anc.image,anc.posted_date ,anc.categoryid ,anc.parentid,ancc.category
		FROM axis_news_content anc
		LEFT JOIN axis_news_content_type anct ON anct.id = anc.articleType
		LEFT JOIN axis_news_content_category ancc ON ancc.id = anc.categoryid
		WHERE anc.articleType IN (2)   AND
		anc.n_status IN (1) AND anc.lid = 1 	
		 ORDER BY anc.posted_date DESC LIMIT 4
		
2012-12-17 14:05:36 	
		SELECT anc.id,anc.content,anc.brief,anc.title,anc.image,anc.posted_date ,anc.categoryid ,anc.parentid,ancc.category,anc.thumbnail_image,anc.url
		FROM axis_news_content anc
		LEFT JOIN axis_news_content_type anct ON anct.id = anc.articleType
		LEFT JOIN axis_news_content_category ancc ON ancc.id = anc.categoryid
		WHERE anc.articleType IN (2)  AND
		anc.n_status IN (1) AND anc.lid = 1 	
		ORDER BY anc.posted_date DESC LIMIT 4
		
2012-12-17 14:13:43 SELECT * FROM axis_news_content_banner_type WHERE type ='header' AND n_status=1 LIMIT 1 
2012-12-17 14:13:43 SELECT * FROM axis_news_content_page WHERE pagename = 'home' AND n_status = 1 LIMIT 1
2012-12-17 14:13:43 SELECT * FROM axis_news_content_banner WHERE page LIKE '%6%' AND type IN (1) AND n_status IN (1) 
2012-12-17 14:13:44 SELECT * FROM axis_news_content_banner_type WHERE type ='footer' AND n_status=1 LIMIT 1 
2012-12-17 14:13:44 SELECT * FROM axis_news_content_page WHERE pagename = 'home' AND n_status = 1 LIMIT 1
2012-12-17 14:13:44 SELECT * FROM axis_news_content_banner WHERE page LIKE '%6%' AND type IN (2,1) AND n_status IN (1) 
2012-12-17 14:13:44 	
		SELECT anc.id,anc.content,anc.brief,anc.title,anc.image,anc.posted_date ,anc.categoryid ,anc.parentid,ancc.category
		FROM axis_news_content anc
		LEFT JOIN axis_news_content_type anct ON anct.id = anc.articleType
		LEFT JOIN axis_news_content_category ancc ON ancc.id = anc.categoryid
		WHERE anc.articleType IN (2)   AND
		anc.n_status IN (1) AND anc.lid = 1 	
		 ORDER BY anc.posted_date DESC LIMIT 4
		
2012-12-17 14:13:44 	
		SELECT anc.id,anc.content,anc.brief,anc.title,anc.image,anc.posted_date ,anc.categoryid ,anc.parentid,ancc.category,anc.thumbnail_image,anc.url
		FROM axis_news_content anc
		LEFT JOIN axis_news_content_type anct ON anct.id = anc.articleType
		LEFT JOIN axis_news_content_category ancc ON ancc.id = anc.categoryid
		WHERE anc.articleType IN (2)  AND
		anc.n_status IN (1) AND anc.lid = 1 	
		ORDER BY anc.posted_date DESC LIMIT 4
		
2012-12-17 14:13:45 SELECT * FROM axis_news_content_banner_type WHERE type ='header' AND n_status=1 LIMIT 1 
2012-12-17 14:13:45 SELECT * FROM axis_news_content_page WHERE pagename = 'home' AND n_status = 1 LIMIT 1
2012-12-17 14:13:45 SELECT * FROM axis_news_content_banner WHERE page LIKE '%6%' AND type IN (1) AND n_status IN (1) 
2012-12-17 14:13:45 SELECT * FROM axis_news_content_banner_type WHERE type ='footer' AND n_status=1 LIMIT 1 
2012-12-17 14:13:45 SELECT * FROM axis_news_content_page WHERE pagename = 'home' AND n_status = 1 LIMIT 1
2012-12-17 14:13:45 SELECT * FROM axis_news_content_banner WHERE page LIKE '%6%' AND type IN (2,1) AND n_status IN (1) 
2012-12-17 14:13:45 	
		SELECT anc.id,anc.content,anc.brief,anc.title,anc.image,anc.posted_date ,anc.categoryid ,anc.parentid,ancc.category
		FROM axis_news_content anc
		LEFT JOIN axis_news_content_type anct ON anct.id = anc.articleType
		LEFT JOIN axis_news_content_category ancc ON ancc.id = anc.categoryid
		WHERE anc.articleType IN (2)   AND
		anc.n_status IN (1) AND anc.lid = 1 	
		 ORDER BY anc.posted_date DESC LIMIT 4
		
2012-12-17 14:13:45 	
		SELECT anc.id,anc.content,anc.brief,anc.title,anc.image,anc.posted_date ,anc.categoryid ,anc.parentid,ancc.category,anc.thumbnail_image,anc.url
		FROM axis_news_content anc
		LEFT JOIN axis_news_content_type anct ON anct.id = anc.articleType
		LEFT JOIN axis_news_content_category ancc ON ancc.id = anc.categoryid
		WHERE anc.articleType IN (2)  AND
		anc.n_status IN (1) AND anc.lid = 1 	
		ORDER BY anc.posted_date DESC LIMIT 4
		
2012-12-17 14:13:55 SELECT * FROM axis_news_content_banner_type WHERE type ='header' AND n_status=1 LIMIT 1 
2012-12-17 14:13:55 SELECT * FROM axis_news_content_page WHERE pagename = 'home' AND n_status = 1 LIMIT 1
2012-12-17 14:13:55 SELECT * FROM axis_news_content_banner WHERE page LIKE '%6%' AND type IN (1) AND n_status IN (1) 
2012-12-17 14:13:55 SELECT * FROM axis_news_content_banner_type WHERE type ='footer' AND n_status=1 LIMIT 1 
2012-12-17 14:13:55 SELECT * FROM axis_news_content_page WHERE pagename = 'home' AND n_status = 1 LIMIT 1
2012-12-17 14:13:55 SELECT * FROM axis_news_content_banner WHERE page LIKE '%6%' AND type IN (2,1) AND n_status IN (1) 
2012-12-17 14:13:56 	
		SELECT anc.id,anc.content,anc.brief,anc.title,anc.image,anc.posted_date ,anc.categoryid ,anc.parentid,ancc.category
		FROM axis_news_content anc
		LEFT JOIN axis_news_content_type anct ON anct.id = anc.articleType
		LEFT JOIN axis_news_content_category ancc ON ancc.id = anc.categoryid
		WHERE anc.articleType IN (2)   AND
		anc.n_status IN (1) AND anc.lid = 1 	
		 ORDER BY anc.posted_date DESC LIMIT 4
		
2012-12-17 14:13:56 	
		SELECT anc.id,anc.content,anc.brief,anc.title,anc.image,anc.posted_date ,anc.categoryid ,anc.parentid,ancc.category,anc.thumbnail_image,anc.url
		FROM axis_news_content anc
		LEFT JOIN axis_news_content_type anct ON anct.id = anc.articleType
		LEFT JOIN axis_news_content_category ancc ON ancc.id = anc.categoryid
		WHERE anc.articleType IN (2)  AND
		anc.n_status IN (1) AND anc.lid = 1 	
		ORDER BY anc.posted_date DESC LIMIT 4
		
2012-12-17 15:28:13 SELECT * FROM axis_news_content_banner_type WHERE type ='header' AND n_status=1 LIMIT 1 
2012-12-17 15:28:13 SELECT * FROM axis_news_content_page WHERE pagename = 'home' AND n_status = 1 LIMIT 1
2012-12-17 15:28:13 SELECT * FROM axis_news_content_banner WHERE page LIKE '%6%' AND type IN (1) AND n_status IN (1) 
2012-12-17 15:28:13 SELECT * FROM axis_news_content_banner_type WHERE type ='footer' AND n_status=1 LIMIT 1 
2012-12-17 15:28:13 SELECT * FROM axis_news_content_page WHERE pagename = 'home' AND n_status = 1 LIMIT 1
2012-12-17 15:28:13 SELECT * FROM axis_news_content_banner WHERE page LIKE '%6%' AND type IN (2,1) AND n_status IN (1) 
2012-12-17 15:28:13 	
		SELECT anc.id,anc.content,anc.brief,anc.title,anc.image,anc.posted_date ,anc.categoryid ,anc.parentid,ancc.category
		FROM axis_news_content anc
		LEFT JOIN axis_news_content_type anct ON anct.id = anc.articleType
		LEFT JOIN axis_news_content_category ancc ON ancc.id = anc.categoryid
		WHERE anc.articleType IN (2)   AND
		anc.n_status IN (1) AND anc.lid = 1 	
		 ORDER BY anc.posted_date DESC LIMIT 4
		
2012-12-17 15:28:13 	
		SELECT anc.id,anc.content,anc.brief,anc.title,anc.image,anc.posted_date ,anc.categoryid ,anc.parentid,ancc.category,anc.thumbnail_image,anc.url
		FROM axis_news_content anc
		LEFT JOIN axis_news_content_type anct ON anct.id = anc.articleType
		LEFT JOIN axis_news_content_category ancc ON ancc.id = anc.categoryid
		WHERE anc.articleType IN (2)  AND
		anc.n_status IN (1) AND anc.lid = 1 	
		ORDER BY anc.posted_date DESC LIMIT 4
		
2012-12-17 15:29:21 SELECT * FROM axis_news_content_banner_type WHERE type ='header' AND n_status=1 LIMIT 1 
2012-12-17 15:29:21 SELECT * FROM axis_news_content_page WHERE pagename = 'home' AND n_status = 1 LIMIT 1
2012-12-17 15:29:21 SELECT * FROM axis_news_content_banner WHERE page LIKE '%6%' AND type IN (1) AND n_status IN (1) 
2012-12-17 15:29:21 SELECT * FROM axis_news_content_banner_type WHERE type ='footer' AND n_status=1 LIMIT 1 
2012-12-17 15:29:21 SELECT * FROM axis_news_content_page WHERE pagename = 'home' AND n_status = 1 LIMIT 1
2012-12-17 15:29:21 SELECT * FROM axis_news_content_banner WHERE page LIKE '%6%' AND type IN (2,1) AND n_status IN (1) 
2012-12-17 15:29:21 	
		SELECT anc.id,anc.content,anc.brief,anc.title,anc.image,anc.posted_date ,anc.categoryid ,anc.parentid,ancc.category
		FROM axis_news_content anc
		LEFT JOIN axis_news_content_type anct ON anct.id = anc.articleType
		LEFT JOIN axis_news_content_category ancc ON ancc.id = anc.categoryid
		WHERE anc.articleType IN (2)   AND
		anc.n_status IN (1) AND anc.lid = 1 	
		 ORDER BY anc.posted_date DESC LIMIT 4
		
2012-12-17 15:29:21 	
		SELECT anc.id,anc.content,anc.brief,anc.title,anc.image,anc.posted_date ,anc.categoryid ,anc.parentid,ancc.category,anc.thumbnail_image,anc.url
		FROM axis_news_content anc
		LEFT JOIN axis_news_content_type anct ON anct.id = anc.articleType
		LEFT JOIN axis_news_content_category ancc ON ancc.id = anc.categoryid
		WHERE anc.articleType IN (2)  AND
		anc.n_status IN (1) AND anc.lid = 1 	
		ORDER BY anc.posted_date DESC LIMIT 4
		
2012-12-17 15:29:29 SELECT * FROM axis_news_content_banner_type WHERE type ='header' AND n_status=1 LIMIT 1 
2012-12-17 15:29:29 SELECT * FROM axis_news_content_page WHERE pagename = 'home' AND n_status = 1 LIMIT 1
2012-12-17 15:29:29 SELECT * FROM axis_news_content_banner WHERE page LIKE '%6%' AND type IN (1) AND n_status IN (1) 
2012-12-17 15:29:29 SELECT * FROM axis_news_content_banner_type WHERE type ='footer' AND n_status=1 LIMIT 1 
2012-12-17 15:29:29 SELECT * FROM axis_news_content_page WHERE pagename = 'home' AND n_status = 1 LIMIT 1
2012-12-17 15:29:29 SELECT * FROM axis_news_content_banner WHERE page LIKE '%6%' AND type IN (2,1) AND n_status IN (1) 
2012-12-17 15:29:29 	
		SELECT anc.id,anc.content,anc.brief,anc.title,anc.image,anc.posted_date ,anc.categoryid ,anc.parentid,ancc.category
		FROM axis_news_content anc
		LEFT JOIN axis_news_content_type anct ON anct.id = anc.articleType
		LEFT JOIN axis_news_content_category ancc ON ancc.id = anc.categoryid
		WHERE anc.articleType IN (2)   AND
		anc.n_status IN (1) AND anc.lid = 1 	
		 ORDER BY anc.posted_date DESC LIMIT 4
		
2012-12-17 15:29:29 	
		SELECT anc.id,anc.content,anc.brief,anc.title,anc.image,anc.posted_date ,anc.categoryid ,anc.parentid,ancc.category,anc.thumbnail_image,anc.url
		FROM axis_news_content anc
		LEFT JOIN axis_news_content_type anct ON anct.id = anc.articleType
		LEFT JOIN axis_news_content_category ancc ON ancc.id = anc.categoryid
		WHERE anc.articleType IN (2)  AND
		anc.n_status IN (1) AND anc.lid = 1 	
		ORDER BY anc.posted_date DESC LIMIT 4
		
2012-12-17 15:29:37 SELECT * FROM axis_news_content_banner_type WHERE type ='header' AND n_status=1 LIMIT 1 
2012-12-17 15:29:37 SELECT * FROM axis_news_content_page WHERE pagename = 'home' AND n_status = 1 LIMIT 1
2012-12-17 15:29:37 SELECT * FROM axis_news_content_banner WHERE page LIKE '%6%' AND type IN (1) AND n_status IN (1) 
2012-12-17 15:29:37 SELECT * FROM axis_news_content_banner_type WHERE type ='footer' AND n_status=1 LIMIT 1 
2012-12-17 15:29:37 SELECT * FROM axis_news_content_page WHERE pagename = 'home' AND n_status = 1 LIMIT 1
2012-12-17 15:29:37 SELECT * FROM axis_news_content_banner WHERE page LIKE '%6%' AND type IN (2,1) AND n_status IN (1) 
2012-12-17 15:29:37 	
		SELECT anc.id,anc.content,anc.brief,anc.title,anc.image,anc.posted_date ,anc.categoryid ,anc.parentid,ancc.category
		FROM axis_news_content anc
		LEFT JOIN axis_news_content_type anct ON anct.id = anc.articleType
		LEFT JOIN axis_news_content_category ancc ON ancc.id = anc.categoryid
		WHERE anc.articleType IN (2)   AND
		anc.n_status IN (1) AND anc.lid = 1 	
		 ORDER BY anc.posted_date DESC LIMIT 4
		
2012-12-17 15:29:37 	
		SELECT anc.id,anc.content,anc.brief,anc.title,anc.image,anc.posted_date ,anc.categoryid ,anc.parentid,ancc.category,anc.thumbnail_image,anc.url
		FROM axis_news_content anc
		LEFT JOIN axis_news_content_type anct ON anct.id = anc.articleType
		LEFT JOIN axis_news_content_category ancc ON ancc.id = anc.categoryid
		WHERE anc.articleType IN (2)  AND
		anc.n_status IN (1) AND anc.lid = 1 	
		ORDER BY anc.posted_date DESC LIMIT 4
		
2012-12-17 15:29:43 SELECT * FROM axis_news_content_banner_type WHERE type ='header' AND n_status=1 LIMIT 1 
2012-12-17 15:29:43 SELECT * FROM axis_news_content_page WHERE pagename = 'home' AND n_status = 1 LIMIT 1
2012-12-17 15:29:43 SELECT * FROM axis_news_content_banner WHERE page LIKE '%6%' AND type IN (1) AND n_status IN (1) 
2012-12-17 15:29:43 SELECT * FROM axis_news_content_banner_type WHERE type ='footer' AND n_status=1 LIMIT 1 
2012-12-17 15:29:43 SELECT * FROM axis_news_content_page WHERE pagename = 'home' AND n_status = 1 LIMIT 1
2012-12-17 15:29:43 SELECT * FROM axis_news_content_banner WHERE page LIKE '%6%' AND type IN (2,1) AND n_status IN (1) 
2012-12-17 15:29:43 	
		SELECT anc.id,anc.content,anc.brief,anc.title,anc.image,anc.posted_date ,anc.categoryid ,anc.parentid,ancc.category
		FROM axis_news_content anc
		LEFT JOIN axis_news_content_type anct ON anct.id = anc.articleType
		LEFT JOIN axis_news_content_category ancc ON ancc.id = anc.categoryid
		WHERE anc.articleType IN (2)   AND
		anc.n_status IN (1) AND anc.lid = 1 	
		 ORDER BY anc.posted_date DESC LIMIT 4
		
2012-12-17 15:29:43 	
		SELECT anc.id,anc.content,anc.brief,anc.title,anc.image,anc.posted_date ,anc.categoryid ,anc.parentid,ancc.category,anc.thumbnail_image,anc.url
		FROM axis_news_content anc
		LEFT JOIN axis_news_content_type anct ON anct.id = anc.articleType
		LEFT JOIN axis_news_content_category ancc ON ancc.id = anc.categoryid
		WHERE anc.articleType IN (2)  AND
		anc.n_status IN (1) AND anc.lid = 1 	
		ORDER BY anc.posted_date DESC LIMIT 4
		
2012-12-17 15:30:51 SELECT * FROM axis_news_content_banner_type WHERE type ='header' AND n_status=1 LIMIT 1 
2012-12-17 15:30:51 SELECT * FROM axis_news_content_page WHERE pagename = 'home' AND n_status = 1 LIMIT 1
2012-12-17 15:30:51 SELECT * FROM axis_news_content_banner WHERE page LIKE '%6%' AND type IN (1) AND n_status IN (1) 
2012-12-17 15:30:51 SELECT * FROM axis_news_content_banner_type WHERE type ='footer' AND n_status=1 LIMIT 1 
2012-12-17 15:30:51 SELECT * FROM axis_news_content_page WHERE pagename = 'home' AND n_status = 1 LIMIT 1
2012-12-17 15:30:51 SELECT * FROM axis_news_content_banner WHERE page LIKE '%6%' AND type IN (2,1) AND n_status IN (1) 
2012-12-17 15:30:51 	
		SELECT anc.id,anc.content,anc.brief,anc.title,anc.image,anc.posted_date ,anc.categoryid ,anc.parentid,ancc.category
		FROM axis_news_content anc
		LEFT JOIN axis_news_content_type anct ON anct.id = anc.articleType
		LEFT JOIN axis_news_content_category ancc ON ancc.id = anc.categoryid
		WHERE anc.articleType IN (2)   AND
		anc.n_status IN (1) AND anc.lid = 1 	
		 ORDER BY anc.posted_date DESC LIMIT 4
		
2012-12-17 15:30:52 	
		SELECT anc.id,anc.content,anc.brief,anc.title,anc.image,anc.posted_date ,anc.categoryid ,anc.parentid,ancc.category,anc.thumbnail_image,anc.url
		FROM axis_news_content anc
		LEFT JOIN axis_news_content_type anct ON anct.id = anc.articleType
		LEFT JOIN axis_news_content_category ancc ON ancc.id = anc.categoryid
		WHERE anc.articleType IN (2)  AND
		anc.n_status IN (1) AND anc.lid = 1 	
		ORDER BY anc.posted_date DESC LIMIT 4
		
2012-12-17 15:30:57 SELECT * FROM axis_news_content_banner_type WHERE type ='header' AND n_status=1 LIMIT 1 
2012-12-17 15:30:57 SELECT * FROM axis_news_content_page WHERE pagename = 'home' AND n_status = 1 LIMIT 1
2012-12-17 15:30:57 SELECT * FROM axis_news_content_banner WHERE page LIKE '%6%' AND type IN (1) AND n_status IN (1) 
2012-12-17 15:30:57 SELECT * FROM axis_news_content_banner_type WHERE type ='footer' AND n_status=1 LIMIT 1 
2012-12-17 15:30:57 SELECT * FROM axis_news_content_page WHERE pagename = 'home' AND n_status = 1 LIMIT 1
2012-12-17 15:30:57 SELECT * FROM axis_news_content_banner WHERE page LIKE '%6%' AND type IN (2,1) AND n_status IN (1) 
2012-12-17 15:30:57 	
		SELECT anc.id,anc.content,anc.brief,anc.title,anc.image,anc.posted_date ,anc.categoryid ,anc.parentid,ancc.category
		FROM axis_news_content anc
		LEFT JOIN axis_news_content_type anct ON anct.id = anc.articleType
		LEFT JOIN axis_news_content_category ancc ON ancc.id = anc.categoryid
		WHERE anc.articleType IN (2)   AND
		anc.n_status IN (1) AND anc.lid = 1 	
		 ORDER BY anc.posted_date DESC LIMIT 4
		
2012-12-17 15:30:57 	
		SELECT anc.id,anc.content,anc.brief,anc.title,anc.image,anc.posted_date ,anc.categoryid ,anc.parentid,ancc.category,anc.thumbnail_image,anc.url
		FROM axis_news_content anc
		LEFT JOIN axis_news_content_type anct ON anct.id = anc.articleType
		LEFT JOIN axis_news_content_category ancc ON ancc.id = anc.categoryid
		WHERE anc.articleType IN (2)  AND
		anc.n_status IN (1) AND anc.lid = 1 	
		ORDER BY anc.posted_date DESC LIMIT 4
		
2012-12-17 15:31:01 SELECT * FROM axis_news_content_banner_type WHERE type ='header' AND n_status=1 LIMIT 1 
2012-12-17 15:31:01 SELECT * FROM axis_news_content_page WHERE pagename = 'home' AND n_status = 1 LIMIT 1
2012-12-17 15:31:01 SELECT * FROM axis_news_content_banner WHERE page LIKE '%6%' AND type IN (1) AND n_status IN (1) 
2012-12-17 15:31:01 SELECT * FROM axis_news_content_banner_type WHERE type ='footer' AND n_status=1 LIMIT 1 
2012-12-17 15:31:01 SELECT * FROM axis_news_content_page WHERE pagename = 'home' AND n_status = 1 LIMIT 1
2012-12-17 15:31:01 SELECT * FROM axis_news_content_banner WHERE page LIKE '%6%' AND type IN (2,1) AND n_status IN (1) 
2012-12-17 15:31:01 	
		SELECT anc.id,anc.content,anc.brief,anc.title,anc.image,anc.posted_date ,anc.categoryid ,anc.parentid,ancc.category
		FROM axis_news_content anc
		LEFT JOIN axis_news_content_type anct ON anct.id = anc.articleType
		LEFT JOIN axis_news_content_category ancc ON ancc.id = anc.categoryid
		WHERE anc.articleType IN (2)   AND
		anc.n_status IN (1) AND anc.lid = 1 	
		 ORDER BY anc.posted_date DESC LIMIT 4
		
2012-12-17 15:31:01 	
		SELECT anc.id,anc.content,anc.brief,anc.title,anc.image,anc.posted_date ,anc.categoryid ,anc.parentid,ancc.category,anc.thumbnail_image,anc.url
		FROM axis_news_content anc
		LEFT JOIN axis_news_content_type anct ON anct.id = anc.articleType
		LEFT JOIN axis_news_content_category ancc ON ancc.id = anc.categoryid
		WHERE anc.articleType IN (2)  AND
		anc.n_status IN (1) AND anc.lid = 1 	
		ORDER BY anc.posted_date DESC LIMIT 4
		
2012-12-17 16:07:41 SELECT * FROM axis_news_content_banner_type WHERE type ='header' AND n_status=1 LIMIT 1 
2012-12-17 16:07:41 SELECT * FROM axis_news_content_page WHERE pagename = 'home' AND n_status = 1 LIMIT 1
2012-12-17 16:07:41 SELECT * FROM axis_news_content_banner WHERE page LIKE '%6%' AND type IN (1) AND n_status IN (1) 
2012-12-17 16:07:41 SELECT * FROM axis_news_content_banner_type WHERE type ='footer' AND n_status=1 LIMIT 1 
2012-12-17 16:07:41 SELECT * FROM axis_news_content_page WHERE pagename = 'home' AND n_status = 1 LIMIT 1
2012-12-17 16:07:41 SELECT * FROM axis_news_content_banner WHERE page LIKE '%6%' AND type IN (2,1) AND n_status IN (1) 
2012-12-17 16:07:41 	
		SELECT anc.id,anc.content,anc.brief,anc.title,anc.image,anc.posted_date ,anc.categoryid ,anc.parentid,ancc.category
		FROM axis_news_content anc
		LEFT JOIN axis_news_content_type anct ON anct.id = anc.articleType
		LEFT JOIN axis_news_content_category ancc ON ancc.id = anc.categoryid
		WHERE anc.articleType IN (2)   AND
		anc.n_status IN (1) AND anc.lid = 1 	
		 ORDER BY anc.posted_date DESC LIMIT 4
		
2012-12-17 16:07:41 	
		SELECT anc.id,anc.content,anc.brief,anc.title,anc.image,anc.posted_date ,anc.categoryid ,anc.parentid,ancc.category,anc.thumbnail_image,anc.url
		FROM axis_news_content anc
		LEFT JOIN axis_news_content_type anct ON anct.id = anc.articleType
		LEFT JOIN axis_news_content_category ancc ON ancc.id = anc.categoryid
		WHERE anc.articleType IN (2)  AND
		anc.n_status IN (1) AND anc.lid = 1 	
		ORDER BY anc.posted_date DESC LIMIT 4
		
2012-12-17 16:08:44 SELECT * FROM axis_news_content_banner_type WHERE type ='header' AND n_status=1 LIMIT 1 
2012-12-17 16:08:44 SELECT * FROM axis_news_content_page WHERE pagename = 'home' AND n_status = 1 LIMIT 1
2012-12-17 16:08:44 SELECT * FROM axis_news_content_banner WHERE page LIKE '%6%' AND type IN (1) AND n_status IN (1) 
2012-12-17 16:08:45 SELECT * FROM axis_news_content_banner_type WHERE type ='footer' AND n_status=1 LIMIT 1 
2012-12-17 16:08:45 SELECT * FROM axis_news_content_page WHERE pagename = 'home' AND n_status = 1 LIMIT 1
2012-12-17 16:08:45 SELECT * FROM axis_news_content_banner WHERE page LIKE '%6%' AND type IN (2,1) AND n_status IN (1) 
2012-12-17 16:08:45 	
		SELECT anc.id,anc.content,anc.brief,anc.title,anc.image,anc.posted_date ,anc.categoryid ,anc.parentid,ancc.category
		FROM axis_news_content anc
		LEFT JOIN axis_news_content_type anct ON anct.id = anc.articleType
		LEFT JOIN axis_news_content_category ancc ON ancc.id = anc.categoryid
		WHERE anc.articleType IN (2)   AND
		anc.n_status IN (1) AND anc.lid = 1 	
		 ORDER BY anc.posted_date DESC LIMIT 4
		
2012-12-17 16:08:45 	
		SELECT anc.id,anc.content,anc.brief,anc.title,anc.image,anc.posted_date ,anc.categoryid ,anc.parentid,ancc.category,anc.thumbnail_image,anc.url
		FROM axis_news_content anc
		LEFT JOIN axis_news_content_type anct ON anct.id = anc.articleType
		LEFT JOIN axis_news_content_category ancc ON ancc.id = anc.categoryid
		WHERE anc.articleType IN (2)  AND
		anc.n_status IN (1) AND anc.lid = 1 	
		ORDER BY anc.posted_date DESC LIMIT 4
		
2012-12-17 16:09:01 SELECT * FROM axis_news_content_banner_type WHERE type ='header' AND n_status=1 LIMIT 1 
2012-12-17 16:09:01 SELECT * FROM axis_news_content_page WHERE pagename = 'home' AND n_status = 1 LIMIT 1
2012-12-17 16:09:01 SELECT * FROM axis_news_content_banner WHERE page LIKE '%6%' AND type IN (1) AND n_status IN (1) 
2012-12-17 16:09:01 SELECT * FROM axis_news_content_banner_type WHERE type ='footer' AND n_status=1 LIMIT 1 
2012-12-17 16:09:01 SELECT * FROM axis_news_content_page WHERE pagename = 'home' AND n_status = 1 LIMIT 1
2012-12-17 16:09:01 SELECT * FROM axis_news_content_banner WHERE page LIKE '%6%' AND type IN (2,1) AND n_status IN (1) 
2012-12-17 16:09:01 	
		SELECT anc.id,anc.content,anc.brief,anc.title,anc.image,anc.posted_date ,anc.categoryid ,anc.parentid,ancc.category
		FROM axis_news_content anc
		LEFT JOIN axis_news_content_type anct ON anct.id = anc.articleType
		LEFT JOIN axis_news_content_category ancc ON ancc.id = anc.categoryid
		WHERE anc.articleType IN (2)   AND
		anc.n_status IN (1) AND anc.lid = 1 	
		 ORDER BY anc.posted_date DESC LIMIT 4
		
2012-12-17 16:09:01 	
		SELECT anc.id,anc.content,anc.brief,anc.title,anc.image,anc.posted_date ,anc.categoryid ,anc.parentid,ancc.category,anc.thumbnail_image,anc.url
		FROM axis_news_content anc
		LEFT JOIN axis_news_content_type anct ON anct.id = anc.articleType
		LEFT JOIN axis_news_content_category ancc ON ancc.id = anc.categoryid
		WHERE anc.articleType IN (2)  AND
		anc.n_status IN (1) AND anc.lid = 1 	
		ORDER BY anc.posted_date DESC LIMIT 4
		
2012-12-17 16:09:02 SELECT * FROM axis_news_content_banner_type WHERE type ='header' AND n_status=1 LIMIT 1 
2012-12-17 16:09:02 SELECT * FROM axis_news_content_page WHERE pagename = 'home' AND n_status = 1 LIMIT 1
2012-12-17 16:09:02 SELECT * FROM axis_news_content_banner WHERE page LIKE '%6%' AND type IN (1) AND n_status IN (1) 
2012-12-17 16:09:02 SELECT * FROM axis_news_content_banner_type WHERE type ='footer' AND n_status=1 LIMIT 1 
2012-12-17 16:09:02 SELECT * FROM axis_news_content_page WHERE pagename = 'home' AND n_status = 1 LIMIT 1
2012-12-17 16:09:02 SELECT * FROM axis_news_content_banner WHERE page LIKE '%6%' AND type IN (2,1) AND n_status IN (1) 
2012-12-17 16:09:02 	
		SELECT anc.id,anc.content,anc.brief,anc.title,anc.image,anc.posted_date ,anc.categoryid ,anc.parentid,ancc.category
		FROM axis_news_content anc
		LEFT JOIN axis_news_content_type anct ON anct.id = anc.articleType
		LEFT JOIN axis_news_content_category ancc ON ancc.id = anc.categoryid
		WHERE anc.articleType IN (2)   AND
		anc.n_status IN (1) AND anc.lid = 1 	
		 ORDER BY anc.posted_date DESC LIMIT 4
		
2012-12-17 16:09:02 	
		SELECT anc.id,anc.content,anc.brief,anc.title,anc.image,anc.posted_date ,anc.categoryid ,anc.parentid,ancc.category,anc.thumbnail_image,anc.url
		FROM axis_news_content anc
		LEFT JOIN axis_news_content_type anct ON anct.id = anc.articleType
		LEFT JOIN axis_news_content_category ancc ON ancc.id = anc.categoryid
		WHERE anc.articleType IN (2)  AND
		anc.n_status IN (1) AND anc.lid = 1 	
		ORDER BY anc.posted_date DESC LIMIT 4
		
2012-12-17 16:10:15 SELECT * FROM axis_news_content_banner_type WHERE type ='header' AND n_status=1 LIMIT 1 
2012-12-17 16:10:15 SELECT * FROM axis_news_content_page WHERE pagename = 'home' AND n_status = 1 LIMIT 1
2012-12-17 16:10:15 SELECT * FROM axis_news_content_banner WHERE page LIKE '%6%' AND type IN (1) AND n_status IN (1) 
2012-12-17 16:10:15 SELECT * FROM axis_news_content_banner_type WHERE type ='footer' AND n_status=1 LIMIT 1 
2012-12-17 16:10:15 SELECT * FROM axis_news_content_page WHERE pagename = 'home' AND n_status = 1 LIMIT 1
2012-12-17 16:10:15 SELECT * FROM axis_news_content_banner WHERE page LIKE '%6%' AND type IN (2,1) AND n_status IN (1) 
2012-12-17 16:10:15 	
		SELECT anc.id,anc.content,anc.brief,anc.title,anc.image,anc.posted_date ,anc.categoryid ,anc.parentid,ancc.category
		FROM axis_news_content anc
		LEFT JOIN axis_news_content_type anct ON anct.id = anc.articleType
		LEFT JOIN axis_news_content_category ancc ON ancc.id = anc.categoryid
		WHERE anc.articleType IN (2)   AND
		anc.n_status IN (1) AND anc.lid = 1 	
		 ORDER BY anc.posted_date DESC LIMIT 4
		
2012-12-17 16:10:15 	
		SELECT anc.id,anc.content,anc.brief,anc.title,anc.image,anc.posted_date ,anc.categoryid ,anc.parentid,ancc.category,anc.thumbnail_image,anc.url
		FROM axis_news_content anc
		LEFT JOIN axis_news_content_type anct ON anct.id = anc.articleType
		LEFT JOIN axis_news_content_category ancc ON ancc.id = anc.categoryid
		WHERE anc.articleType IN (2)  AND
		anc.n_status IN (1) AND anc.lid = 1 	
		ORDER BY anc.posted_date DESC LIMIT 4
		
2012-12-17 16:10:16 SELECT * FROM axis_news_content_banner_type WHERE type ='header' AND n_status=1 LIMIT 1 
2012-12-17 16:10:16 SELECT * FROM axis_news_content_page WHERE pagename = 'home' AND n_status = 1 LIMIT 1
2012-12-17 16:10:16 SELECT * FROM axis_news_content_banner WHERE page LIKE '%6%' AND type IN (1) AND n_status IN (1) 
2012-12-17 16:10:16 SELECT * FROM axis_news_content_banner_type WHERE type ='footer' AND n_status=1 LIMIT 1 
2012-12-17 16:10:16 SELECT * FROM axis_news_content_page WHERE pagename = 'home' AND n_status = 1 LIMIT 1
2012-12-17 16:10:16 SELECT * FROM axis_news_content_banner WHERE page LIKE '%6%' AND type IN (2,1) AND n_status IN (1) 
2012-12-17 16:10:16 	
		SELECT anc.id,anc.content,anc.brief,anc.title,anc.image,anc.posted_date ,anc.categoryid ,anc.parentid,ancc.category
		FROM axis_news_content anc
		LEFT JOIN axis_news_content_type anct ON anct.id = anc.articleType
		LEFT JOIN axis_news_content_category ancc ON ancc.id = anc.categoryid
		WHERE anc.articleType IN (2)   AND
		anc.n_status IN (1) AND anc.lid = 1 	
		 ORDER BY anc.posted_date DESC LIMIT 4
		
2012-12-17 16:10:17 	
		SELECT anc.id,anc.content,anc.brief,anc.title,anc.image,anc.posted_date ,anc.categoryid ,anc.parentid,ancc.category,anc.thumbnail_image,anc.url
		FROM axis_news_content anc
		LEFT JOIN axis_news_content_type anct ON anct.id = anc.articleType
		LEFT JOIN axis_news_content_category ancc ON ancc.id = anc.categoryid
		WHERE anc.articleType IN (2)  AND
		anc.n_status IN (1) AND anc.lid = 1 	
		ORDER BY anc.posted_date DESC LIMIT 4
		
2012-12-17 18:31:07 SELECT * FROM axis_news_content_banner_type WHERE type ='header' AND n_status=1 LIMIT 1 
2012-12-17 18:31:07 SELECT * FROM axis_news_content_page WHERE pagename = 'home' AND n_status = 1 LIMIT 1
2012-12-17 18:31:07 SELECT * FROM axis_news_content_banner WHERE page LIKE '%6%' AND type IN (1) AND n_status IN (1) 
2012-12-17 18:31:07 SELECT * FROM axis_news_content_banner_type WHERE type ='footer' AND n_status=1 LIMIT 1 
2012-12-17 18:31:07 SELECT * FROM axis_news_content_page WHERE pagename = 'home' AND n_status = 1 LIMIT 1
2012-12-17 18:31:07 SELECT * FROM axis_news_content_banner WHERE page LIKE '%6%' AND type IN (2,1) AND n_status IN (1) 
2012-12-17 18:31:07 	
		SELECT anc.id,anc.content,anc.brief,anc.title,anc.image,anc.posted_date ,anc.categoryid ,anc.parentid,ancc.category
		FROM axis_news_content anc
		LEFT JOIN axis_news_content_type anct ON anct.id = anc.articleType
		LEFT JOIN axis_news_content_category ancc ON ancc.id = anc.categoryid
		WHERE anc.articleType IN (2)   AND
		anc.n_status IN (1) AND anc.lid = 1 	
		 ORDER BY anc.posted_date DESC LIMIT 4
		
2012-12-17 18:31:07 	
		SELECT anc.id,anc.content,anc.brief,anc.title,anc.image,anc.posted_date ,anc.categoryid ,anc.parentid,ancc.category,anc.thumbnail_image,anc.url
		FROM axis_news_content anc
		LEFT JOIN axis_news_content_type anct ON anct.id = anc.articleType
		LEFT JOIN axis_news_content_category ancc ON ancc.id = anc.categoryid
		WHERE anc.articleType IN (2)  AND
		anc.n_status IN (1) AND anc.lid = 1 	
		ORDER BY anc.posted_date DESC LIMIT 4
		
2012-12-17 18:33:37 SELECT * FROM axis_news_content_banner_type WHERE type ='header' AND n_status=1 LIMIT 1 
2012-12-17 18:33:37 SELECT * FROM axis_news_content_page WHERE pagename = 'home' AND n_status = 1 LIMIT 1
2012-12-17 18:33:37 SELECT * FROM axis_news_content_banner WHERE page LIKE '%6%' AND type IN (1) AND n_status IN (1) 
2012-12-17 18:33:37 SELECT * FROM axis_news_content_banner_type WHERE type ='footer' AND n_status=1 LIMIT 1 
2012-12-17 18:33:37 SELECT * FROM axis_news_content_page WHERE pagename = 'home' AND n_status = 1 LIMIT 1
2012-12-17 18:33:37 SELECT * FROM axis_news_content_banner WHERE page LIKE '%6%' AND type IN (2,1) AND n_status IN (1) 
2012-12-17 18:33:37 	
		SELECT anc.id,anc.content,anc.brief,anc.title,anc.image,anc.posted_date ,anc.categoryid ,anc.parentid,ancc.category
		FROM axis_news_content anc
		LEFT JOIN axis_news_content_type anct ON anct.id = anc.articleType
		LEFT JOIN axis_news_content_category ancc ON ancc.id = anc.categoryid
		WHERE anc.articleType IN (2)   AND
		anc.n_status IN (1) AND anc.lid = 1 	
		 ORDER BY anc.posted_date DESC LIMIT 4
		
2012-12-17 18:33:37 	
		SELECT anc.id,anc.content,anc.brief,anc.title,anc.image,anc.posted_date ,anc.categoryid ,anc.parentid,ancc.category,anc.thumbnail_image,anc.url
		FROM axis_news_content anc
		LEFT JOIN axis_news_content_type anct ON anct.id = anc.articleType
		LEFT JOIN axis_news_content_category ancc ON ancc.id = anc.categoryid
		WHERE anc.articleType IN (2)  AND
		anc.n_status IN (1) AND anc.lid = 1 	
		ORDER BY anc.posted_date DESC LIMIT 4
		
2012-12-17 18:33:39 SELECT * FROM axis_news_content_banner_type WHERE type ='header' AND n_status=1 LIMIT 1 
2012-12-17 18:33:39 SELECT * FROM axis_news_content_page WHERE pagename = 'home' AND n_status = 1 LIMIT 1
2012-12-17 18:33:39 SELECT * FROM axis_news_content_banner WHERE page LIKE '%6%' AND type IN (1) AND n_status IN (1) 
2012-12-17 18:33:39 SELECT * FROM axis_news_content_banner_type WHERE type ='footer' AND n_status=1 LIMIT 1 
2012-12-17 18:33:39 SELECT * FROM axis_news_content_page WHERE pagename = 'home' AND n_status = 1 LIMIT 1
2012-12-17 18:33:39 SELECT * FROM axis_news_content_banner WHERE page LIKE '%6%' AND type IN (2,1) AND n_status IN (1) 
2012-12-17 18:33:39 	
		SELECT anc.id,anc.content,anc.brief,anc.title,anc.image,anc.posted_date ,anc.categoryid ,anc.parentid,ancc.category
		FROM axis_news_content anc
		LEFT JOIN axis_news_content_type anct ON anct.id = anc.articleType
		LEFT JOIN axis_news_content_category ancc ON ancc.id = anc.categoryid
		WHERE anc.articleType IN (2)   AND
		anc.n_status IN (1) AND anc.lid = 1 	
		 ORDER BY anc.posted_date DESC LIMIT 4
		
2012-12-17 18:33:39 	
		SELECT anc.id,anc.content,anc.brief,anc.title,anc.image,anc.posted_date ,anc.categoryid ,anc.parentid,ancc.category,anc.thumbnail_image,anc.url
		FROM axis_news_content anc
		LEFT JOIN axis_news_content_type anct ON anct.id = anc.articleType
		LEFT JOIN axis_news_content_category ancc ON ancc.id = anc.categoryid
		WHERE anc.articleType IN (2)  AND
		anc.n_status IN (1) AND anc.lid = 1 	
		ORDER BY anc.posted_date DESC LIMIT 4
		
2012-12-17 18:33:56 SELECT * FROM axis_news_content_banner_type WHERE type ='header' AND n_status=1 LIMIT 1 
2012-12-17 18:33:56 SELECT * FROM axis_news_content_page WHERE pagename = 'home' AND n_status = 1 LIMIT 1
2012-12-17 18:33:56 SELECT * FROM axis_news_content_banner WHERE page LIKE '%6%' AND type IN (1) AND n_status IN (1) 
2012-12-17 18:33:56 SELECT * FROM axis_news_content_banner_type WHERE type ='footer' AND n_status=1 LIMIT 1 
2012-12-17 18:33:56 SELECT * FROM axis_news_content_page WHERE pagename = 'home' AND n_status = 1 LIMIT 1
2012-12-17 18:33:56 SELECT * FROM axis_news_content_banner WHERE page LIKE '%6%' AND type IN (2,1) AND n_status IN (1) 
2012-12-17 18:33:56 	
		SELECT anc.id,anc.content,anc.brief,anc.title,anc.image,anc.posted_date ,anc.categoryid ,anc.parentid,ancc.category
		FROM axis_news_content anc
		LEFT JOIN axis_news_content_type anct ON anct.id = anc.articleType
		LEFT JOIN axis_news_content_category ancc ON ancc.id = anc.categoryid
		WHERE anc.articleType IN (2)   AND
		anc.n_status IN (1) AND anc.lid = 1 	
		 ORDER BY anc.posted_date DESC LIMIT 4
		
2012-12-17 18:33:56 	
		SELECT anc.id,anc.content,anc.brief,anc.title,anc.image,anc.posted_date ,anc.categoryid ,anc.parentid,ancc.category,anc.thumbnail_image,anc.url
		FROM axis_news_content anc
		LEFT JOIN axis_news_content_type anct ON anct.id = anc.articleType
		LEFT JOIN axis_news_content_category ancc ON ancc.id = anc.categoryid
		WHERE anc.articleType IN (2)  AND
		anc.n_status IN (1) AND anc.lid = 1 	
		ORDER BY anc.posted_date DESC LIMIT 4
		
2012-12-17 18:33:58 SELECT * FROM axis_news_content_banner_type WHERE type ='header' AND n_status=1 LIMIT 1 
2012-12-17 18:33:58 SELECT * FROM axis_news_content_page WHERE pagename = 'home' AND n_status = 1 LIMIT 1
2012-12-17 18:33:58 SELECT * FROM axis_news_content_banner WHERE page LIKE '%6%' AND type IN (1) AND n_status IN (1) 
2012-12-17 18:33:58 SELECT * FROM axis_news_content_banner_type WHERE type ='footer' AND n_status=1 LIMIT 1 
2012-12-17 18:33:58 SELECT * FROM axis_news_content_page WHERE pagename = 'home' AND n_status = 1 LIMIT 1
2012-12-17 18:33:58 SELECT * FROM axis_news_content_banner WHERE page LIKE '%6%' AND type IN (2,1) AND n_status IN (1) 
2012-12-17 18:33:58 	
		SELECT anc.id,anc.content,anc.brief,anc.title,anc.image,anc.posted_date ,anc.categoryid ,anc.parentid,ancc.category
		FROM axis_news_content anc
		LEFT JOIN axis_news_content_type anct ON anct.id = anc.articleType
		LEFT JOIN axis_news_content_category ancc ON ancc.id = anc.categoryid
		WHERE anc.articleType IN (2)   AND
		anc.n_status IN (1) AND anc.lid = 1 	
		 ORDER BY anc.posted_date DESC LIMIT 4
		
2012-12-17 18:33:58 	
		SELECT anc.id,anc.content,anc.brief,anc.title,anc.image,anc.posted_date ,anc.categoryid ,anc.parentid,ancc.category,anc.thumbnail_image,anc.url
		FROM axis_news_content anc
		LEFT JOIN axis_news_content_type anct ON anct.id = anc.articleType
		LEFT JOIN axis_news_content_category ancc ON ancc.id = anc.categoryid
		WHERE anc.articleType IN (2)  AND
		anc.n_status IN (1) AND anc.lid = 1 	
		ORDER BY anc.posted_date DESC LIMIT 4
		
2012-12-17 18:34:17 SELECT * FROM axis_news_content_banner_type WHERE type ='header' AND n_status=1 LIMIT 1 
2012-12-17 18:34:17 SELECT * FROM axis_news_content_page WHERE pagename = 'home' AND n_status = 1 LIMIT 1
2012-12-17 18:34:17 SELECT * FROM axis_news_content_banner WHERE page LIKE '%6%' AND type IN (1) AND n_status IN (1) 
2012-12-17 18:34:17 SELECT * FROM axis_news_content_banner_type WHERE type ='footer' AND n_status=1 LIMIT 1 
2012-12-17 18:34:17 SELECT * FROM axis_news_content_page WHERE pagename = 'home' AND n_status = 1 LIMIT 1
2012-12-17 18:34:17 SELECT * FROM axis_news_content_banner WHERE page LIKE '%6%' AND type IN (2,1) AND n_status IN (1) 
2012-12-17 18:34:17 	
		SELECT anc.id,anc.content,anc.brief,anc.title,anc.image,anc.posted_date ,anc.categoryid ,anc.parentid,ancc.category
		FROM axis_news_content anc
		LEFT JOIN axis_news_content_type anct ON anct.id = anc.articleType
		LEFT JOIN axis_news_content_category ancc ON ancc.id = anc.categoryid
		WHERE anc.articleType IN (2)   AND
		anc.n_status IN (1) AND anc.lid = 1 	
		 ORDER BY anc.posted_date DESC LIMIT 4
		
2012-12-17 18:34:17 	
		SELECT anc.id,anc.content,anc.brief,anc.title,anc.image,anc.posted_date ,anc.categoryid ,anc.parentid,ancc.category,anc.thumbnail_image,anc.url
		FROM axis_news_content anc
		LEFT JOIN axis_news_content_type anct ON anct.id = anc.articleType
		LEFT JOIN axis_news_content_category ancc ON ancc.id = anc.categoryid
		WHERE anc.articleType IN (2)  AND
		anc.n_status IN (1) AND anc.lid = 1 	
		ORDER BY anc.posted_date DESC LIMIT 4
		
2012-12-17 18:34:20 SELECT * FROM axis_news_content_banner_type WHERE type ='header' AND n_status=1 LIMIT 1 
2012-12-17 18:34:20 SELECT * FROM axis_news_content_page WHERE pagename = 'home' AND n_status = 1 LIMIT 1
2012-12-17 18:34:20 SELECT * FROM axis_news_content_banner WHERE page LIKE '%6%' AND type IN (1) AND n_status IN (1) 
2012-12-17 18:34:20 SELECT * FROM axis_news_content_banner_type WHERE type ='footer' AND n_status=1 LIMIT 1 
2012-12-17 18:34:20 SELECT * FROM axis_news_content_page WHERE pagename = 'home' AND n_status = 1 LIMIT 1
2012-12-17 18:34:20 SELECT * FROM axis_news_content_banner WHERE page LIKE '%6%' AND type IN (2,1) AND n_status IN (1) 
2012-12-17 18:34:20 	
		SELECT anc.id,anc.content,anc.brief,anc.title,anc.image,anc.posted_date ,anc.categoryid ,anc.parentid,ancc.category
		FROM axis_news_content anc
		LEFT JOIN axis_news_content_type anct ON anct.id = anc.articleType
		LEFT JOIN axis_news_content_category ancc ON ancc.id = anc.categoryid
		WHERE anc.articleType IN (2)   AND
		anc.n_status IN (1) AND anc.lid = 1 	
		 ORDER BY anc.posted_date DESC LIMIT 4
		
2012-12-17 18:34:20 	
		SELECT anc.id,anc.content,anc.brief,anc.title,anc.image,anc.posted_date ,anc.categoryid ,anc.parentid,ancc.category,anc.thumbnail_image,anc.url
		FROM axis_news_content anc
		LEFT JOIN axis_news_content_type anct ON anct.id = anc.articleType
		LEFT JOIN axis_news_content_category ancc ON ancc.id = anc.categoryid
		WHERE anc.articleType IN (2)  AND
		anc.n_status IN (1) AND anc.lid = 1 	
		ORDER BY anc.posted_date DESC LIMIT 4
		
